[0214/152037:ERROR:gpu_info_collector_win.cc(102)] Can't retrieve a valid WinSAT assessment.
[0214/152045:ERROR_REPORT:prtime.cc(122)] Check failed: false. Unable to convert time
[0214/152045:ERROR_REPORT:prtime.cc(122)] Check failed: false. Unable to convert time
[0214/152046:ERROR_REPORT:prtime.cc(122)] Check failed: false. Unable to convert time
[0214/152046:ERROR_REPORT:prtime.cc(122)] Check failed: false. Unable to convert time
[0214/152046:ERROR_REPORT:prtime.cc(122)] Check failed: false. Unable to convert time
[0214/152046:ERROR_REPORT:prtime.cc(122)] Check failed: false. Unable to convert time
[0214/152046:ERROR_REPORT:prtime.cc(122)] Check failed: false. Unable to convert time
[0214/152046:ERROR_REPORT:prtime.cc(122)] Check failed: false. Unable to convert time
[0214/152046:ERROR_REPORT:prtime.cc(122)] Check failed: false. Unable to convert time
[0214/152046:ERROR_REPORT:prtime.cc(122)] Check failed: false. Unable to convert time
[0214/152046:ERROR_REPORT:prtime.cc(122)] Check failed: false. Unable to convert time
[0214/152340:ERROR:gpu_info_collector_win.cc(102)] Can't retrieve a valid WinSAT assessment.
[0214/152347:ERROR_REPORT:prtime.cc(122)] Check failed: false. Unable to convert time
[0214/152347:ERROR_REPORT:prtime.cc(122)] Check failed: false. Unable to convert time
[0214/152347:ERROR_REPORT:prtime.cc(122)] Check failed: false. Unable to convert time
[0214/152347:ERROR_REPORT:prtime.cc(122)] Check failed: false. Unable to convert time
[0214/152347:ERROR_REPORT:prtime.cc(122)] Check failed: false. Unable to convert time
[0214/152348:ERROR_REPORT:prtime.cc(122)] Check failed: false. Unable to convert time
[0214/152348:ERROR_REPORT:prtime.cc(122)] Check failed: false. Unable to convert time
[0214/152348:ERROR_REPORT:prtime.cc(122)] Check failed: false. Unable to convert time
[0214/152348:ERROR_REPORT:prtime.cc(122)] Check failed: false. Unable to convert time
[0214/152348:ERROR_REPORT:prtime.cc(122)] Check failed: false. Unable to convert time
[0214/152348:ERROR_REPORT:prtime.cc(122)] Check failed: false. Unable to convert time
[0214/152428:ERROR:gpu_info_collector_win.cc(102)] Can't retrieve a valid WinSAT assessment.
[0214/152435:ERROR_REPORT:prtime.cc(122)] Check failed: false. Unable to convert time
[0214/152435:ERROR_REPORT:prtime.cc(122)] Check failed: false. Unable to convert time
[0214/152435:ERROR_REPORT:prtime.cc(122)] Check failed: false. Unable to convert time
[0214/152435:ERROR_REPORT:prtime.cc(122)] Check failed: false. Unable to convert time
[0214/152435:ERROR_REPORT:prtime.cc(122)] Check failed: false. Unable to convert time
[0214/152435:ERROR_REPORT:prtime.cc(122)] Check failed: false. Unable to convert time
[0214/152435:ERROR_REPORT:prtime.cc(122)] Check failed: false. Unable to convert time
[0214/152435:ERROR_REPORT:prtime.cc(122)] Check failed: false. Unable to convert time
[0214/152435:ERROR_REPORT:prtime.cc(122)] Check failed: false. Unable to convert time
[0214/152435:ERROR_REPORT:prtime.cc(122)] Check failed: false. Unable to convert time
[0214/172022:ERROR:gpu_info_collector_win.cc(102)] Can't retrieve a valid WinSAT assessment.
[0214/172025:ERROR_REPORT:prtime.cc(122)] Check failed: false. Unable to convert time
[0214/172025:ERROR_REPORT:prtime.cc(122)] Check failed: false. Unable to convert time
[0214/172025:ERROR_REPORT:prtime.cc(122)] Check failed: false. Unable to convert time
[0214/172025:ERROR_REPORT:prtime.cc(122)] Check failed: false. Unable to convert time
[0214/172025:ERROR_REPORT:prtime.cc(122)] Check failed: false. Unable to convert time
[0214/172025:ERROR_REPORT:prtime.cc(122)] Check failed: false. Unable to convert time
[0214/172025:ERROR_REPORT:prtime.cc(122)] Check failed: false. Unable to convert time
[0214/172025:ERROR_REPORT:prtime.cc(122)] Check failed: false. Unable to convert time
[0214/172025:ERROR_REPORT:prtime.cc(122)] Check failed: false. Unable to convert time
[0214/172026:ERROR_REPORT:prtime.cc(122)] Check failed: false. Unable to convert time
[0214/172026:ERROR_REPORT:prtime.cc(122)] Check failed: false. Unable to convert time
[0214/174334:ERROR:gpu_info_collector_win.cc(102)] Can't retrieve a valid WinSAT assessment.
[0214/174335:ERROR_REPORT:prtime.cc(122)] Check failed: false. Unable to convert time
[0214/174335:ERROR_REPORT:prtime.cc(122)] Check failed: false. Unable to convert time
[0214/174336:ERROR_REPORT:prtime.cc(122)] Check failed: false. Unable to convert time
[0214/174336:ERROR_REPORT:prtime.cc(122)] Check failed: false. Unable to convert time
[0214/174336:ERROR_REPORT:prtime.cc(122)] Check failed: false. Unable to convert time
[0214/174336:ERROR_REPORT:prtime.cc(122)] Check failed: false. Unable to convert time
[0214/174336:ERROR_REPORT:prtime.cc(122)] Check failed: false. Unable to convert time
[0214/174336:ERROR_REPORT:prtime.cc(122)] Check failed: false. Unable to convert time
[0214/174336:ERROR_REPORT:prtime.cc(122)] Check failed: false. Unable to convert time
[0214/174336:ERROR_REPORT:prtime.cc(122)] Check failed: false. Unable to convert time
[0214/174459:ERROR_REPORT:browser_impl.cc(364)] Check failed: PID_BROWSER == target_process (0 vs. 1)
[0214/174523:ERROR:gpu_info_collector_win.cc(102)] Can't retrieve a valid WinSAT assessment.
[0214/174523:ERROR_REPORT:prtime.cc(122)] Check failed: false. Unable to convert time
[0214/174523:ERROR_REPORT:prtime.cc(122)] Check failed: false. Unable to convert time
[0214/174523:ERROR_REPORT:prtime.cc(122)] Check failed: false. Unable to convert time
[0214/174524:ERROR_REPORT:prtime.cc(122)] Check failed: false. Unable to convert time
[0214/174524:ERROR_REPORT:prtime.cc(122)] Check failed: false. Unable to convert time
[0214/174524:ERROR_REPORT:prtime.cc(122)] Check failed: false. Unable to convert time
[0214/174524:ERROR_REPORT:prtime.cc(122)] Check failed: false. Unable to convert time
[0214/174524:ERROR_REPORT:prtime.cc(122)] Check failed: false. Unable to convert time
[0214/174524:ERROR_REPORT:prtime.cc(122)] Check failed: false. Unable to convert time
[0214/174524:ERROR_REPORT:prtime.cc(122)] Check failed: false. Unable to convert time
[0214/174524:ERROR_REPORT:prtime.cc(122)] Check failed: false. Unable to convert time
[0214/174553:ERROR_REPORT:browser_impl.cc(364)] Check failed: PID_BROWSER == target_process (0 vs. 1)
[0214/174606:ERROR_REPORT:v8_impl.cc(1161)] Check failed: false. not currently in a V8 context
[0220/105558:ERROR:gpu_info_collector_win.cc(102)] Can't retrieve a valid WinSAT assessment.
[0220/105559:ERROR_REPORT:prtime.cc(122)] Check failed: false. Unable to convert time
[0220/105559:ERROR_REPORT:prtime.cc(122)] Check failed: false. Unable to convert time
[0220/105600:ERROR_REPORT:prtime.cc(122)] Check failed: false. Unable to convert time
[0220/105600:ERROR_REPORT:prtime.cc(122)] Check failed: false. Unable to convert time
[0220/105600:ERROR_REPORT:prtime.cc(122)] Check failed: false. Unable to convert time
[0220/105600:ERROR_REPORT:prtime.cc(122)] Check failed: false. Unable to convert time
[0220/105600:ERROR_REPORT:prtime.cc(122)] Check failed: false. Unable to convert time
[0220/105600:ERROR_REPORT:prtime.cc(122)] Check failed: false. Unable to convert time
[0220/105600:ERROR_REPORT:prtime.cc(122)] Check failed: false. Unable to convert time
[0220/105600:ERROR_REPORT:prtime.cc(122)] Check failed: false. Unable to convert time
[0220/105601:ERROR_REPORT:prtime.cc(122)] Check failed: false. Unable to convert time
[0220/105601:INFO:CONSOLE(0)] "Uncaught ReferenceError: HelloWorld is not defined", source:  (0)
[0220/105604:INFO:CONSOLE(0)] "Uncaught ReferenceError: HelloWorld is not defined", source:  (0)
[0220/105604:INFO:CONSOLE(0)] "Uncaught ReferenceError: HelloWorld is not defined", source:  (0)
[0220/105604:INFO:CONSOLE(0)] "Uncaught ReferenceError: HelloWorld is not defined", source:  (0)
[0220/105605:INFO:CONSOLE(0)] "Uncaught ReferenceError: HelloWorld is not defined", source:  (0)
[0220/105626:ERROR:gpu_info_collector_win.cc(102)] Can't retrieve a valid WinSAT assessment.
[0220/105628:ERROR_REPORT:prtime.cc(122)] Check failed: false. Unable to convert time
[0220/105628:ERROR_REPORT:prtime.cc(122)] Check failed: false. Unable to convert time
[0220/105628:ERROR_REPORT:prtime.cc(122)] Check failed: false. Unable to convert time
[0220/105628:ERROR_REPORT:prtime.cc(122)] Check failed: false. Unable to convert time
[0220/105628:ERROR_REPORT:prtime.cc(122)] Check failed: false. Unable to convert time
[0220/105628:ERROR_REPORT:prtime.cc(122)] Check failed: false. Unable to convert time
[0220/105628:ERROR_REPORT:prtime.cc(122)] Check failed: false. Unable to convert time
[0220/105628:ERROR_REPORT:prtime.cc(122)] Check failed: false. Unable to convert time
[0220/105628:ERROR_REPORT:prtime.cc(122)] Check failed: false. Unable to convert time
[0220/105628:ERROR_REPORT:prtime.cc(122)] Check failed: false. Unable to convert time
[0220/105640:INFO:CONSOLE(0)] "Uncaught ReferenceError: HelloWorld is not defined", source:  (0)
[0220/105706:ERROR:gpu_info_collector_win.cc(102)] Can't retrieve a valid WinSAT assessment.
[0220/105707:ERROR_REPORT:prtime.cc(122)] Check failed: false. Unable to convert time
[0220/105707:ERROR_REPORT:prtime.cc(122)] Check failed: false. Unable to convert time
[0220/105707:ERROR_REPORT:prtime.cc(122)] Check failed: false. Unable to convert time
[0220/105707:ERROR_REPORT:prtime.cc(122)] Check failed: false. Unable to convert time
[0220/105707:ERROR_REPORT:prtime.cc(122)] Check failed: false. Unable to convert time
[0220/105707:ERROR_REPORT:prtime.cc(122)] Check failed: false. Unable to convert time
[0220/105707:ERROR_REPORT:prtime.cc(122)] Check failed: false. Unable to convert time
[0220/105707:ERROR_REPORT:prtime.cc(122)] Check failed: false. Unable to convert time
[0220/105707:ERROR_REPORT:prtime.cc(122)] Check failed: false. Unable to convert time
[0220/105707:ERROR_REPORT:prtime.cc(122)] Check failed: false. Unable to convert time
[0220/105708:ERROR_REPORT:prtime.cc(122)] Check failed: false. Unable to convert time
[0220/105846:ERROR:gpu_info_collector_win.cc(102)] Can't retrieve a valid WinSAT assessment.
[0220/105846:ERROR_REPORT:prtime.cc(122)] Check failed: false. Unable to convert time
[0220/105846:ERROR_REPORT:prtime.cc(122)] Check failed: false. Unable to convert time
[0220/105846:ERROR_REPORT:prtime.cc(122)] Check failed: false. Unable to convert time
[0220/105846:ERROR_REPORT:prtime.cc(122)] Check failed: false. Unable to convert time
[0220/105846:ERROR_REPORT:prtime.cc(122)] Check failed: false. Unable to convert time
[0220/105846:ERROR_REPORT:prtime.cc(122)] Check failed: false. Unable to convert time
[0220/105846:ERROR_REPORT:prtime.cc(122)] Check failed: false. Unable to convert time
[0220/105846:ERROR_REPORT:prtime.cc(122)] Check failed: false. Unable to convert time
[0220/105846:ERROR_REPORT:prtime.cc(122)] Check failed: false. Unable to convert time
[0220/105846:ERROR_REPORT:prtime.cc(122)] Check failed: false. Unable to convert time
[0220/105847:ERROR_REPORT:prtime.cc(122)] Check failed: false. Unable to convert time
[0220/105902:WARNING:dns_config_service_win.cc(653)] Failed to read DnsConfig.
[0220/105902:WARNING:dns_config_service_win.cc(653)] Failed to read DnsConfig.
